Using pre-set license
Built from '2020.3/staging' branch; Version is '2020.3.21f1 (a38c86f6690f) revision 10718342'; Using compiler version '192528614'; Build Type 'Release'
OS: 'Windows 10 Pro; OS build 19042.1466; Version 2009; 64bit' Language: 'en' Physical Memory: 8090 MB
BatchMode: 1, IsHumanControllingUs: 0, StartBugReporterOnCrash: 0, Is64bit: 1, IsPro: 0

COMMAND LINE ARGUMENTS:
C:\Program Files\Unity\Hub\Editor\2020.3.21f1\Editor\Unity.exe
-adb2
-batchMode
-noUpm
-name
AssetImportWorker7
-projectPath
C:/Users/user/MoonSharp Test Uno
-logFile
Logs/AssetImportWorker7.log
-srvPort
63367
Successfully changed project path to: C:/Users/user/MoonSharp Test Uno
C:/Users/user/MoonSharp Test Uno
Using Asset Import Pipeline V2.
Refreshing native plugins compatible for Editor in 249.44 ms, found 2 plugins.
Preloading 0 native plugins for Editor in 0.00 ms.
Initialize engine version: 2020.3.21f1 (a38c86f6690f)
[Subsystems] Discovering subsystems at path C:/Program Files/Unity/Hub/Editor/2020.3.21f1/Editor/Data/Resources/UnitySubsystems
[Subsystems] Discovering subsystems at path C:/Users/user/MoonSharp Test Uno/Assets
GfxDevice: creating device client; threaded=0
Direct3D:
    Version:  Direct3D 11.0 [level 11.1]
    Renderer: NVIDIA GeForce GTX 970M (ID=0x13d8)
    Vendor:   
    VRAM:     3029 MB
    Driver:   30.0.14.7212
Initialize mono
Mono path[0] = 'C:/Program Files/Unity/Hub/Editor/2020.3.21f1/Editor/Data/Managed'
Mono path[1] = 'C:/Program Files/Unity/Hub/Editor/2020.3.21f1/Editor/Data/MonoBleedingEdge/lib/mono/unityjit'
Mono config path = 'C:/Program Files/Unity/Hub/Editor/2020.3.21f1/Editor/Data/MonoBleedingEdge/etc'
Using monoOptions --debugger-agent=transport=dt_socket,embedding=1,server=y,suspend=n,address=127.0.0.1:56544
Begin MonoManager ReloadAssembly
Registering precompiled unity dll's ...
Register platform support module: C:/Program Files/Unity/Hub/Editor/2020.3.21f1/Editor/Data/PlaybackEngines/WebGLSupport/UnityEditor.WebGL.Extensions.dll
Register platform support module: C:/Program Files/Unity/Hub/Editor/2020.3.21f1/Editor/Data/PlaybackEngines/WindowsStandaloneSupport/UnityEditor.WindowsStandalone.Extensions.dll
Registered in 0.010900 seconds.
Native extension for WindowsStandalone target not found
Native extension for WebGL target not found
Refreshing native plugins compatible for Editor in 183.65 ms, found 2 plugins.
Preloading 0 native plugins for Editor in 0.00 ms.
Mono: successfully reloaded assembly
- Completed reload, in  6.852 seconds
Domain Reload Profiling:
	ReloadAssembly (6853ms)
		BeginReloadAssembly (267ms)
			ExecutionOrderSort (0ms)
			DisableScriptedObjects (0ms)
			BackupInstance (0ms)
			ReleaseScriptingObjects (0ms)
			CreateAndSetChildDomain (3ms)
		EndReloadAssembly (2299ms)
			LoadAssemblies (260ms)
			RebuildTransferFunctionScriptingTraits (0ms)
			SetupTypeCache (814ms)
			ReleaseScriptCaches (0ms)
			RebuildScriptCaches (179ms)
			SetupLoadedEditorAssemblies (806ms)
				LogAssemblyErrors (0ms)
				InitializePlatformSupportModulesInManaged (24ms)
				SetLoadedEditorAssemblies (1ms)
				RefreshPlugins (184ms)
				BeforeProcessingInitializeOnLoad (61ms)
				ProcessInitializeOnLoadAttributes (399ms)
				ProcessInitializeOnLoadMethodAttributes (137ms)
				AfterProcessingInitializeOnLoad (0ms)
				EditorAssembliesLoaded (1ms)
			ExecutionOrderSort2 (0ms)
			AwakeInstancesAfterBackupRestoration (0ms)
Platform modules already initialized, skipping
Registering precompiled user dll's ...
Registered in 0.021867 seconds.
Begin MonoManager ReloadAssembly
Native extension for WindowsStandalone target not found
Native extension for WebGL target not found
Refreshing native plugins compatible for Editor in 1.13 ms, found 2 plugins.
Preloading 0 native plugins for Editor in 0.00 ms.
Mono: successfully reloaded assembly
- Completed reload, in  6.568 seconds
Domain Reload Profiling:
	ReloadAssembly (6571ms)
		BeginReloadAssembly (797ms)
			ExecutionOrderSort (0ms)
			DisableScriptedObjects (21ms)
			BackupInstance (0ms)
			ReleaseScriptingObjects (0ms)
			CreateAndSetChildDomain (88ms)
		EndReloadAssembly (5408ms)
			LoadAssemblies (554ms)
			RebuildTransferFunctionScriptingTraits (0ms)
			SetupTypeCache (2090ms)
			ReleaseScriptCaches (1ms)
			RebuildScriptCaches (210ms)
			SetupLoadedEditorAssemblies (2108ms)
				LogAssemblyErrors (0ms)
				InitializePlatformSupportModulesInManaged (27ms)
				SetLoadedEditorAssemblies (2ms)
				RefreshPlugins (1ms)
				BeforeProcessingInitializeOnLoad (468ms)
				ProcessInitializeOnLoadAttributes (1536ms)
				ProcessInitializeOnLoadMethodAttributes (40ms)
				AfterProcessingInitializeOnLoad (33ms)
				EditorAssembliesLoaded (1ms)
			ExecutionOrderSort2 (0ms)
			AwakeInstancesAfterBackupRestoration (33ms)
Platform modules already initialized, skipping
========================================================================
Worker process is ready to serve import requests
Launched and connected shader compiler UnityShaderCompiler.exe after 1.12 seconds
Refreshing native plugins compatible for Editor in 1.15 ms, found 2 plugins.
Preloading 0 native plugins for Editor in 0.00 ms.
Unloading 1823 Unused Serialized files (Serialized files now loaded: 0)
System memory in use before: 78.8 MB.
System memory in use after: 78.9 MB.

Unloading 19 unused Assets to reduce memory usage. Loaded Objects now: 2256.
Total: 28.746700 ms (FindLiveObjects: 0.575400 ms CreateObjectMapping: 0.278200 ms MarkObjects: 13.177800 ms  DeleteObjects: 14.709600 ms)

AssetImportParameters requested are different than current active one (requested -> active):
  custom:framework-win-MediaFoundation: 216162199b28c13a410421893ffa2e32 -> 
  custom:video-decoder-ogg-theora: a1e56fd34408186e4bbccfd4996cb3dc -> 
  custom:container-muxer-webm: aa71ff27fc2769a1b78a27578f13a17b -> 
  custom:container-demuxer-webm: 4f35f7cbe854078d1ac9338744f61a02 -> 
  custom:container-demuxer-ogg: 62fdf1f143b41e24485cea50d1cbac27 -> 
  custom:video-encoder-webm-vp8: eb34c28f22e8b96e1ab97ce403110664 -> 
  custom:video-decoder-webm-vp8: 9c59270c3fd7afecdb556c50c9e8de78 -> 
  custom:audio-decoder-ogg-vorbis: bf7c407c2cedff20999df2af8eb42d56 -> 
  custom:audio-encoder-webm-vorbis: bf7c407c2cedff20999df2af8eb42d56 -> 
========================================================================
Received Import Request.
  path: Assets/Scripts/Computer/Desktop/Desktop.asset
  artifactKey: Guid(c1b3cfe46ad76a043bebde1dba451f21) Importer(815301076,1909f56bfc062723c751e8b465ee728b)
Start importing Assets/Scripts/Computer/Desktop/Desktop.asset using Guid(c1b3cfe46ad76a043bebde1dba451f21) Importer(815301076,1909f56bfc062723c751e8b465ee728b)  -> (artifact id: '259ce5ccdc09952132eb29bd2fe093a7') in 0.242755 seconds 
  Import took 0.253482 seconds .

========================================================================
Received Import Request.
  Time since last request: 254.174500 seconds.
  path: Assets/Scripts/Computer/Desktop/Icon/ReadMe.asset
  artifactKey: Guid(e21bcf9b79bdf31439e1062911a9e85c) Importer(815301076,1909f56bfc062723c751e8b465ee728b)
Start importing Assets/Scripts/Computer/Desktop/Icon/ReadMe.asset using Guid(e21bcf9b79bdf31439e1062911a9e85c) Importer(815301076,1909f56bfc062723c751e8b465ee728b)  -> (artifact id: '7191059d4c0b2ce38d0163939fd61ea5') in 0.033637 seconds 
  Import took 0.062084 seconds .

========================================================================
Received Import Request.
  Time since last request: 2400.353219 seconds.
  path: Assets/Resources/Files
  artifactKey: Guid(a1201fdba78090e42bf982dfb52fde0d) Importer(815301076,1909f56bfc062723c751e8b465ee728b)
Start importing Assets/Resources/Files using Guid(a1201fdba78090e42bf982dfb52fde0d) Importer(815301076,1909f56bfc062723c751e8b465ee728b)  -> (artifact id: 'bde14c27bc8a6e7894be9a3c2285b400') in 0.028392 seconds 
  Import took 0.086001 seconds .

========================================================================
Received Import Request.
  Time since last request: 42.418095 seconds.
  path: Assets/Resources/Files/Readme.txt
  artifactKey: Guid(cffe9fc3d997727488538e3571772107) Importer(815301076,1909f56bfc062723c751e8b465ee728b)
Start importing Assets/Resources/Files/Readme.txt using Guid(cffe9fc3d997727488538e3571772107) Importer(815301076,1909f56bfc062723c751e8b465ee728b)  -> (artifact id: '74d5c8350b104c802c38c7f809cfd39b') in 0.116839 seconds 
  Import took 0.148536 seconds .

========================================================================
Received Prepare
Registering precompiled user dll's ...
Registered in 1.405634 seconds.
Begin MonoManager ReloadAssembly
Native extension for WindowsStandalone target not found
Native extension for WebGL target not found
Refreshing native plugins compatible for Editor in 16.58 ms, found 2 plugins.
Preloading 0 native plugins for Editor in 0.00 ms.
Mono: successfully reloaded assembly
- Completed reload, in 13.682 seconds
Domain Reload Profiling:
	ReloadAssembly (13820ms)
		BeginReloadAssembly (5969ms)
			ExecutionOrderSort (0ms)
			DisableScriptedObjects (879ms)
			BackupInstance (0ms)
			ReleaseScriptingObjects (22ms)
			CreateAndSetChildDomain (3240ms)
		EndReloadAssembly (7337ms)
			LoadAssemblies (647ms)
			RebuildTransferFunctionScriptingTraits (0ms)
			SetupTypeCache (2000ms)
			ReleaseScriptCaches (5ms)
			RebuildScriptCaches (369ms)
			SetupLoadedEditorAssemblies (3262ms)
				LogAssemblyErrors (0ms)
				InitializePlatformSupportModulesInManaged (211ms)
				SetLoadedEditorAssemblies (2ms)
				RefreshPlugins (17ms)
				BeforeProcessingInitializeOnLoad (576ms)
				ProcessInitializeOnLoadAttributes (2311ms)
				ProcessInitializeOnLoadMethodAttributes (84ms)
				AfterProcessingInitializeOnLoad (59ms)
				EditorAssembliesLoaded (1ms)
			ExecutionOrderSort2 (0ms)
			AwakeInstancesAfterBackupRestoration (107ms)
Platform modules already initialized, skipping
Refreshing native plugins compatible for Editor in 1.21 ms, found 2 plugins.
Preloading 0 native plugins for Editor in 0.00 ms.
Unloading 1804 Unused Serialized files (Serialized files now loaded: 0)
System memory in use before: 77.4 MB.
System memory in use after: 77.5 MB.

Unloading 14 unused Assets to reduce memory usage. Loaded Objects now: 2258.
Total: 173.130900 ms (FindLiveObjects: 27.104300 ms CreateObjectMapping: 0.385400 ms MarkObjects: 145.494700 ms  DeleteObjects: 0.140500 ms)

AssetImportParameters requested are different than current active one (requested -> active):
  custom:framework-win-MediaFoundation: 216162199b28c13a410421893ffa2e32 -> 
  custom:video-decoder-ogg-theora: a1e56fd34408186e4bbccfd4996cb3dc -> 
  custom:container-muxer-webm: aa71ff27fc2769a1b78a27578f13a17b -> 
  custom:container-demuxer-webm: 4f35f7cbe854078d1ac9338744f61a02 -> 
  custom:container-demuxer-ogg: 62fdf1f143b41e24485cea50d1cbac27 -> 
  custom:video-encoder-webm-vp8: eb34c28f22e8b96e1ab97ce403110664 -> 
  custom:video-decoder-webm-vp8: 9c59270c3fd7afecdb556c50c9e8de78 -> 
  custom:audio-decoder-ogg-vorbis: bf7c407c2cedff20999df2af8eb42d56 -> 
  custom:audio-encoder-webm-vorbis: bf7c407c2cedff20999df2af8eb42d56 -> 
